1499064685167	geckodriver	INFO	Listening on 127.0.0.1:51382
1499064686351	geckodriver::marionette	INFO	Starting browser /usr/bin/firefox with args ["-marionette"]

(firefox:3534): GLib-GObject-CRITICAL **: g_object_ref: assertion 'object->ref_count > 0' failed

(firefox:3534): GLib-GObject-CRITICAL **: g_object_unref: assertion 'object->ref_count > 0' failed

(firefox:3534): GLib-GObject-CRITICAL **: g_object_ref: assertion 'object->ref_count > 0' failed

(firefox:3534): GLib-GObject-CRITICAL **: g_object_unref: assertion 'object->ref_count > 0' failed
1499064695366	Marionette	INFO	Listening on port 43747
1499064695577	Marionette	WARN	TLS certificate errors will be ignored for this session
JavaScript error: resource://gre/modules/XPCOMUtils.jsm, line 230: TypeError: Cc[aContract] is undefined
1499064774799	addons.productaddons	WARN	Failed downloading XML, status: 0, reason: timeout
1499064964961	Marionette	INFO	New connections will no longer be accepted
1499065004482	geckodriver	INFO	Listening on 127.0.0.1:40331
1499065005629	geckodriver::marionette	INFO	Starting browser /usr/bin/firefox with args ["-marionette"]

(firefox:3676): GLib-GObject-CRITICAL **: g_object_ref: assertion 'object->ref_count > 0' failed

(firefox:3676): GLib-GObject-CRITICAL **: g_object_unref: assertion 'object->ref_count > 0' failed

(firefox:3676): GLib-GObject-CRITICAL **: g_object_ref: assertion 'object->ref_count > 0' failed

(firefox:3676): GLib-GObject-CRITICAL **: g_object_unref: assertion 'object->ref_count > 0' failed
1499065010271	Marionette	INFO	Listening on port 34990
1499065010433	Marionette	WARN	TLS certificate errors will be ignored for this session
JavaScript error: resource://gre/modules/XPCOMUtils.jsm, line 230: TypeError: Cc[aContract] is undefined
1499065083470	Marionette	INFO	New connections will no longer be accepted
1499065137663	geckodriver	INFO	Listening on 127.0.0.1:51402
1499065138829	geckodriver::marionette	INFO	Starting browser /usr/bin/firefox with args ["-marionette"]

(firefox:3789): GLib-GObject-CRITICAL **: g_object_ref: assertion 'object->ref_count > 0' failed

(firefox:3789): GLib-GObject-CRITICAL **: g_object_unref: assertion 'object->ref_count > 0' failed

(firefox:3789): GLib-GObject-CRITICAL **: g_object_ref: assertion 'object->ref_count > 0' failed

(firefox:3789): GLib-GObject-CRITICAL **: g_object_unref: assertion 'object->ref_count > 0' failed
1499065143420	Marionette	INFO	Listening on port 36305
1499065143477	Marionette	WARN	TLS certificate errors will be ignored for this session
JavaScript error: resource://gre/modules/XPCOMUtils.jsm, line 230: TypeError: Cc[aContract] is undefined
1499065215910	Marionette	INFO	New connections will no longer be accepted
1499065358531	geckodriver	INFO	Listening on 127.0.0.1:46748
1499065359691	geckodriver::marionette	INFO	Starting browser /usr/bin/firefox with args ["-marionette"]

(firefox:3929): GLib-GObject-CRITICAL **: g_object_ref: assertion 'object->ref_count > 0' failed

(firefox:3929): GLib-GObject-CRITICAL **: g_object_unref: assertion 'object->ref_count > 0' failed

(firefox:3929): GLib-GObject-CRITICAL **: g_object_ref: assertion 'object->ref_count > 0' failed

(firefox:3929): GLib-GObject-CRITICAL **: g_object_unref: assertion 'object->ref_count > 0' failed
JavaScript error: resource://gre/modules/XPCOMUtils.jsm, line 230: TypeError: Cc[aContract] is undefined
1499065364158	Marionette	INFO	Listening on port 42239
1499065364403	Marionette	WARN	TLS certificate errors will be ignored for this session
1499065383321	Marionette	INFO	New connections will no longer be accepted
1499065448203	geckodriver	INFO	Listening on 127.0.0.1:35764
1499065449356	geckodriver::marionette	INFO	Starting browser /usr/bin/firefox with args ["-marionette"]

(firefox:4068): GLib-GObject-CRITICAL **: g_object_ref: assertion 'object->ref_count > 0' failed

(firefox:4068): GLib-GObject-CRITICAL **: g_object_unref: assertion 'object->ref_count > 0' failed

(firefox:4068): GLib-GObject-CRITICAL **: g_object_ref: assertion 'object->ref_count > 0' failed

(firefox:4068): GLib-GObject-CRITICAL **: g_object_unref: assertion 'object->ref_count > 0' failed
JavaScript error: resource://gre/modules/XPCOMUtils.jsm, line 230: TypeError: Cc[aContract] is undefined
1499065454032	Marionette	INFO	Listening on port 38630
1499065454257	Marionette	WARN	TLS certificate errors will be ignored for this session
1499065533552	addons.productaddons	WARN	Failed downloading XML, status: 0, reason: timeout
1499065584805	Marionette	INFO	Ceased listening

(firefox:4068): GLib-GObject-CRITICAL **: g_object_ref: assertion 'object->ref_count > 0' failed

(firefox:4068): GLib-GObject-CRITICAL **: g_object_unref: assertion 'object->ref_count > 0' failed

(firefox:4068): GLib-GObject-CRITICAL **: g_object_ref: assertion 'object->ref_count > 0' failed

(firefox:4068): GLib-GObject-CRITICAL **: g_object_unref: assertion 'object->ref_count > 0' failed

(firefox:4068): GLib-GObject-CRITICAL **: g_object_ref: assertion 'object->ref_count > 0' failed

(firefox:4068): GLib-GObject-CRITICAL **: g_object_unref: assertion 'object->ref_count > 0' failed

(firefox:4068): GLib-GObject-CRITICAL **: g_object_ref: assertion 'object->ref_count > 0' failed

(firefox:4068): GLib-GObject-CRITICAL **: g_object_unref: assertion 'object->ref_count > 0' failed

(firefox:4068): GLib-GObject-CRITICAL **: g_object_ref: assertion 'object->ref_count > 0' failed

(firefox:4068): GLib-GObject-CRITICAL **: g_object_unref: assertion 'object->ref_count > 0' failed
1499065596106	geckodriver	INFO	Listening on 127.0.0.1:55224
1499065597264	geckodriver::marionette	INFO	Starting browser /usr/bin/firefox with args ["-marionette"]

(firefox:4288): GLib-GObject-CRITICAL **: g_object_ref: assertion 'object->ref_count > 0' failed

(firefox:4288): GLib-GObject-CRITICAL **: g_object_unref: assertion 'object->ref_count > 0' failed

(firefox:4288): GLib-GObject-CRITICAL **: g_object_ref: assertion 'object->ref_count > 0' failed

(firefox:4288): GLib-GObject-CRITICAL **: g_object_unref: assertion 'object->ref_count > 0' failed
1499065601771	Marionette	INFO	Listening on port 34931
1499065601830	Marionette	WARN	TLS certificate errors will be ignored for this session
JavaScript error: resource://gre/modules/XPCOMUtils.jsm, line 230: TypeError: Cc[aContract] is undefined
1499065681328	addons.productaddons	WARN	Failed downloading XML, status: 0, reason: timeout

** (firefox:4288): WARNING **: No marshaller for signature of signal 'PropertiesChanged'
*************************
A coding exception was thrown and uncaught in a Task.

Full message: TypeError: NetworkError when attempting to fetch resource.
Full stack: 
*************************
1499066315463	geckodriver	INFO	Listening on 127.0.0.1:46369
1499066316616	geckodriver::marionette	INFO	Starting browser /usr/bin/firefox with args ["-marionette"]

(firefox:4562): GLib-GObject-CRITICAL **: g_object_ref: assertion 'object->ref_count > 0' failed

(firefox:4562): GLib-GObject-CRITICAL **: g_object_unref: assertion 'object->ref_count > 0' failed

(firefox:4562): GLib-GObject-CRITICAL **: g_object_ref: assertion 'object->ref_count > 0' failed

(firefox:4562): GLib-GObject-CRITICAL **: g_object_unref: assertion 'object->ref_count > 0' failed
JavaScript error: resource://gre/modules/XPCOMUtils.jsm, line 230: TypeError: Cc[aContract] is undefined
1499066320939	Marionette	INFO	Listening on port 42174
1499066321169	Marionette	WARN	TLS certificate errors will be ignored for this session
1499066355697	Marionette	INFO	Ceased listening

(firefox:4288): GLib-GObject-CRITICAL **: g_object_ref: assertion 'object->ref_count > 0' failed

(firefox:4288): GLib-GObject-CRITICAL **: g_object_unref: assertion 'object->ref_count > 0' failed

(firefox:4288): GLib-GObject-CRITICAL **: g_object_ref: assertion 'object->ref_count > 0' failed

(firefox:4288): GLib-GObject-CRITICAL **: g_object_unref: assertion 'object->ref_count > 0' failed

(firefox:4288): GLib-GObject-CRITICAL **: g_object_ref: assertion 'object->ref_count > 0' failed

(firefox:4288): GLib-GObject-CRITICAL **: g_object_unref: assertion 'object->ref_count > 0' failed

(firefox:4288): GLib-GObject-CRITICAL **: g_object_ref: assertion 'object->ref_count > 0' failed

(firefox:4288): GLib-GObject-CRITICAL **: g_object_unref: assertion 'object->ref_count > 0' failed

(firefox:4288): GLib-GObject-CRITICAL **: g_object_ref: assertion 'object->ref_count > 0' failed

(firefox:4288): GLib-GObject-CRITICAL **: g_object_unref: assertion 'object->ref_count > 0' failed
1499066395554	Marionette	INFO	New connections will no longer be accepted
1499070404133	geckodriver	INFO	Listening on 127.0.0.1:48679
1499070405283	geckodriver::marionette	INFO	Starting browser /usr/bin/firefox with args ["-marionette"]

(firefox:5072): GLib-GObject-CRITICAL **: g_object_ref: assertion 'object->ref_count > 0' failed

(firefox:5072): GLib-GObject-CRITICAL **: g_object_unref: assertion 'object->ref_count > 0' failed

(firefox:5072): GLib-GObject-CRITICAL **: g_object_ref: assertion 'object->ref_count > 0' failed

(firefox:5072): GLib-GObject-CRITICAL **: g_object_unref: assertion 'object->ref_count > 0' failed
JavaScript error: resource://gre/modules/XPCOMUtils.jsm, line 230: TypeError: Cc[aContract] is undefined
1499070409729	Marionette	INFO	Listening on port 45397
1499070409972	Marionette	WARN	TLS certificate errors will be ignored for this session
1499070483438	Marionette	INFO	New connections will no longer be accepted
1499149794562	geckodriver	INFO	Listening on 127.0.0.1:44659
1499149795897	geckodriver::marionette	INFO	Starting browser /usr/bin/firefox with args ["-marionette"]

(firefox:6452): GLib-GObject-CRITICAL **: g_object_ref: assertion 'object->ref_count > 0' failed

(firefox:6452): GLib-GObject-CRITICAL **: g_object_unref: assertion 'object->ref_count > 0' failed

(firefox:6452): GLib-GObject-CRITICAL **: g_object_ref: assertion 'object->ref_count > 0' failed

(firefox:6452): GLib-GObject-CRITICAL **: g_object_unref: assertion 'object->ref_count > 0' failed
1499149797087	addons.xpi	WARN	Add-on langpack-en-GB@firefox.mozilla.org is not compatible with application version.
1499149797090	addons.xpi	WARN	Add-on langpack-en-GB@firefox.mozilla.org is not compatible with application version.
1499149797127	addons.xpi	WARN	Add-on langpack-en-ZA@firefox.mozilla.org is not compatible with application version.
1499149797129	addons.xpi	WARN	Add-on langpack-en-ZA@firefox.mozilla.org is not compatible with application version.
1499149798116	addons.xpi	WARN	Add-on langpack-en-GB@firefox.mozilla.org is not compatible with application version.
1499149798118	addons.xpi	WARN	Add-on langpack-en-ZA@firefox.mozilla.org is not compatible with application version.
1499149798132	addons.xpi	WARN	Add-on langpack-en-GB@firefox.mozilla.org is not compatible with application version.
1499149798133	addons.xpi	WARN	Add-on langpack-en-ZA@firefox.mozilla.org is not compatible with application version.
1499149802142	Marionette	INFO	Listening on port 43359
1499149802866	Marionette	WARN	TLS certificate errors will be ignored for this session
1499149846573	Marionette	INFO	New connections will no longer be accepted
1499149910727	geckodriver	INFO	Listening on 127.0.0.1:39064
1499149912069	geckodriver::marionette	INFO	Starting browser /usr/bin/firefox with args ["-marionette"]

(firefox:6616): GLib-GObject-CRITICAL **: g_object_ref: assertion 'object->ref_count > 0' failed

(firefox:6616): GLib-GObject-CRITICAL **: g_object_unref: assertion 'object->ref_count > 0' failed

(firefox:6616): GLib-GObject-CRITICAL **: g_object_ref: assertion 'object->ref_count > 0' failed

(firefox:6616): GLib-GObject-CRITICAL **: g_object_unref: assertion 'object->ref_count > 0' failed
1499149913301	addons.xpi	WARN	Add-on langpack-en-GB@firefox.mozilla.org is not compatible with application version.
1499149913303	addons.xpi	WARN	Add-on langpack-en-GB@firefox.mozilla.org is not compatible with application version.
1499149913340	addons.xpi	WARN	Add-on langpack-en-ZA@firefox.mozilla.org is not compatible with application version.
1499149913342	addons.xpi	WARN	Add-on langpack-en-ZA@firefox.mozilla.org is not compatible with application version.
1499149914271	addons.xpi	WARN	Add-on langpack-en-GB@firefox.mozilla.org is not compatible with application version.
1499149914273	addons.xpi	WARN	Add-on langpack-en-ZA@firefox.mozilla.org is not compatible with application version.
1499149914287	addons.xpi	WARN	Add-on langpack-en-GB@firefox.mozilla.org is not compatible with application version.
1499149914289	addons.xpi	WARN	Add-on langpack-en-ZA@firefox.mozilla.org is not compatible with application version.
1499149918339	Marionette	INFO	Listening on port 33317
1499149918825	Marionette	WARN	TLS certificate errors will be ignored for this session
1499149949073	Marionette	INFO	New connections will no longer be accepted
1499150124565	geckodriver	INFO	Listening on 127.0.0.1:36589
1499150125890	geckodriver::marionette	INFO	Starting browser /usr/bin/firefox with args ["-marionette"]

(firefox:7243): GLib-GObject-CRITICAL **: g_object_ref: assertion 'object->ref_count > 0' failed

(firefox:7243): GLib-GObject-CRITICAL **: g_object_unref: assertion 'object->ref_count > 0' failed

(firefox:7243): GLib-GObject-CRITICAL **: g_object_ref: assertion 'object->ref_count > 0' failed

(firefox:7243): GLib-GObject-CRITICAL **: g_object_unref: assertion 'object->ref_count > 0' failed
1499150127089	addons.xpi	WARN	Add-on langpack-en-GB@firefox.mozilla.org is not compatible with application version.
1499150127092	addons.xpi	WARN	Add-on langpack-en-GB@firefox.mozilla.org is not compatible with application version.
1499150127129	addons.xpi	WARN	Add-on langpack-en-ZA@firefox.mozilla.org is not compatible with application version.
1499150127131	addons.xpi	WARN	Add-on langpack-en-ZA@firefox.mozilla.org is not compatible with application version.
1499150127976	addons.xpi	WARN	Add-on langpack-en-GB@firefox.mozilla.org is not compatible with application version.
1499150127978	addons.xpi	WARN	Add-on langpack-en-ZA@firefox.mozilla.org is not compatible with application version.
1499150127997	addons.xpi	WARN	Add-on langpack-en-GB@firefox.mozilla.org is not compatible with application version.
1499150127999	addons.xpi	WARN	Add-on langpack-en-ZA@firefox.mozilla.org is not compatible with application version.
1499150131848	Marionette	INFO	Listening on port 36334
1499150132344	Marionette	WARN	TLS certificate errors will be ignored for this session
1499150170139	Marionette	INFO	New connections will no longer be accepted
1499150300589	geckodriver	INFO	Listening on 127.0.0.1:46270
1499150301925	geckodriver::marionette	INFO	Starting browser /usr/bin/firefox with args ["-marionette"]

(firefox:7669): GLib-GObject-CRITICAL **: g_object_ref: assertion 'object->ref_count > 0' failed

(firefox:7669): GLib-GObject-CRITICAL **: g_object_unref: assertion 'object->ref_count > 0' failed

(firefox:7669): GLib-GObject-CRITICAL **: g_object_ref: assertion 'object->ref_count > 0' failed

(firefox:7669): GLib-GObject-CRITICAL **: g_object_unref: assertion 'object->ref_count > 0' failed
1499150303138	addons.xpi	WARN	Add-on langpack-en-GB@firefox.mozilla.org is not compatible with application version.
1499150303141	addons.xpi	WARN	Add-on langpack-en-GB@firefox.mozilla.org is not compatible with application version.
1499150303178	addons.xpi	WARN	Add-on langpack-en-ZA@firefox.mozilla.org is not compatible with application version.
1499150303180	addons.xpi	WARN	Add-on langpack-en-ZA@firefox.mozilla.org is not compatible with application version.
1499150304306	addons.xpi	WARN	Add-on langpack-en-GB@firefox.mozilla.org is not compatible with application version.
1499150304308	addons.xpi	WARN	Add-on langpack-en-ZA@firefox.mozilla.org is not compatible with application version.
1499150304323	addons.xpi	WARN	Add-on langpack-en-GB@firefox.mozilla.org is not compatible with application version.
1499150304324	addons.xpi	WARN	Add-on langpack-en-ZA@firefox.mozilla.org is not compatible with application version.
1499150308370	Marionette	INFO	Listening on port 34553
1499150308810	Marionette	WARN	TLS certificate errors will be ignored for this session
1499150367906	addons.productaddons	WARN	Failed downloading XML, status: 0, reason: error
1499150367925	addons.productaddons	WARN	Failed downloading via XHR, status: 0, reason: error
1499150371477	Marionette	INFO	New connections will no longer be accepted
1499150755349	geckodriver	INFO	Listening on 127.0.0.1:41438
1499150756694	geckodriver::marionette	INFO	Starting browser /usr/bin/firefox with args ["-marionette"]

(firefox:8170): GLib-GObject-CRITICAL **: g_object_ref: assertion 'object->ref_count > 0' failed

(firefox:8170): GLib-GObject-CRITICAL **: g_object_unref: assertion 'object->ref_count > 0' failed

(firefox:8170): GLib-GObject-CRITICAL **: g_object_ref: assertion 'object->ref_count > 0' failed

(firefox:8170): GLib-GObject-CRITICAL **: g_object_unref: assertion 'object->ref_count > 0' failed
1499150757881	addons.xpi	WARN	Add-on langpack-en-GB@firefox.mozilla.org is not compatible with application version.
1499150757883	addons.xpi	WARN	Add-on langpack-en-GB@firefox.mozilla.org is not compatible with application version.
1499150757921	addons.xpi	WARN	Add-on langpack-en-ZA@firefox.mozilla.org is not compatible with application version.
1499150757923	addons.xpi	WARN	Add-on langpack-en-ZA@firefox.mozilla.org is not compatible with application version.
1499150935275	geckodriver	INFO	Listening on 127.0.0.1:44254
1499150936603	geckodriver::marionette	INFO	Starting browser /usr/bin/firefox with args ["-marionette"]

(firefox:8441): GLib-GObject-CRITICAL **: g_object_ref: assertion 'object->ref_count > 0' failed

(firefox:8441): GLib-GObject-CRITICAL **: g_object_unref: assertion 'object->ref_count > 0' failed

(firefox:8441): GLib-GObject-CRITICAL **: g_object_ref: assertion 'object->ref_count > 0' failed

(firefox:8441): GLib-GObject-CRITICAL **: g_object_unref: assertion 'object->ref_count > 0' failed
1499150937805	addons.xpi	WARN	Add-on langpack-en-GB@firefox.mozilla.org is not compatible with application version.
1499150937807	addons.xpi	WARN	Add-on langpack-en-GB@firefox.mozilla.org is not compatible with application version.
1499150937844	addons.xpi	WARN	Add-on langpack-en-ZA@firefox.mozilla.org is not compatible with application version.
1499150937846	addons.xpi	WARN	Add-on langpack-en-ZA@firefox.mozilla.org is not compatible with application version.
1499150938723	addons.xpi	WARN	Add-on langpack-en-GB@firefox.mozilla.org is not compatible with application version.
1499150938725	addons.xpi	WARN	Add-on langpack-en-ZA@firefox.mozilla.org is not compatible with application version.
1499150938738	addons.xpi	WARN	Add-on langpack-en-GB@firefox.mozilla.org is not compatible with application version.
1499150938740	addons.xpi	WARN	Add-on langpack-en-ZA@firefox.mozilla.org is not compatible with application version.
1499150942703	Marionette	INFO	Listening on port 40304
1499150943114	Marionette	WARN	TLS certificate errors will be ignored for this session
1499150972220	Marionette	INFO	New connections will no longer be accepted
1499151081308	geckodriver	INFO	Listening on 127.0.0.1:52967
1499151082653	geckodriver::marionette	INFO	Starting browser /usr/bin/firefox with args ["-marionette"]

(firefox:8728): GLib-GObject-CRITICAL **: g_object_ref: assertion 'object->ref_count > 0' failed

(firefox:8728): GLib-GObject-CRITICAL **: g_object_unref: assertion 'object->ref_count > 0' failed

(firefox:8728): GLib-GObject-CRITICAL **: g_object_ref: assertion 'object->ref_count > 0' failed

(firefox:8728): GLib-GObject-CRITICAL **: g_object_unref: assertion 'object->ref_count > 0' failed
1499151083989	addons.xpi	WARN	Add-on langpack-en-GB@firefox.mozilla.org is not compatible with application version.
1499151083992	addons.xpi	WARN	Add-on langpack-en-GB@firefox.mozilla.org is not compatible with application version.
1499151084028	addons.xpi	WARN	Add-on langpack-en-ZA@firefox.mozilla.org is not compatible with application version.
1499151084030	addons.xpi	WARN	Add-on langpack-en-ZA@firefox.mozilla.org is not compatible with application version.
1499151084994	addons.xpi	WARN	Add-on langpack-en-GB@firefox.mozilla.org is not compatible with application version.
1499151084996	addons.xpi	WARN	Add-on langpack-en-ZA@firefox.mozilla.org is not compatible with application version.
1499151085011	addons.xpi	WARN	Add-on langpack-en-GB@firefox.mozilla.org is not compatible with application version.
1499151085012	addons.xpi	WARN	Add-on langpack-en-ZA@firefox.mozilla.org is not compatible with application version.
1499151089133	Marionette	INFO	Listening on port 45487
1499151089612	Marionette	WARN	TLS certificate errors will be ignored for this session
1499151125642	Marionette	INFO	New connections will no longer be accepted
1499151221890	geckodriver	INFO	Listening on 127.0.0.1:41981
1499151223225	geckodriver::marionette	INFO	Starting browser /usr/bin/firefox with args ["-marionette"]

(firefox:8908): GLib-GObject-CRITICAL **: g_object_ref: assertion 'object->ref_count > 0' failed

(firefox:8908): GLib-GObject-CRITICAL **: g_object_unref: assertion 'object->ref_count > 0' failed

(firefox:8908): GLib-GObject-CRITICAL **: g_object_ref: assertion 'object->ref_count > 0' failed

(firefox:8908): GLib-GObject-CRITICAL **: g_object_unref: assertion 'object->ref_count > 0' failed
1499151224618	addons.xpi	WARN	Add-on langpack-en-GB@firefox.mozilla.org is not compatible with application version.
1499151224621	addons.xpi	WARN	Add-on langpack-en-GB@firefox.mozilla.org is not compatible with application version.
1499151224657	addons.xpi	WARN	Add-on langpack-en-ZA@firefox.mozilla.org is not compatible with application version.
1499151224659	addons.xpi	WARN	Add-on langpack-en-ZA@firefox.mozilla.org is not compatible with application version.
1499151225616	addons.xpi	WARN	Add-on langpack-en-GB@firefox.mozilla.org is not compatible with application version.
1499151225618	addons.xpi	WARN	Add-on langpack-en-ZA@firefox.mozilla.org is not compatible with application version.
1499151225632	addons.xpi	WARN	Add-on langpack-en-GB@firefox.mozilla.org is not compatible with application version.
1499151225634	addons.xpi	WARN	Add-on langpack-en-ZA@firefox.mozilla.org is not compatible with application version.
1499151229632	Marionette	INFO	Listening on port 43677
1499151229773	Marionette	WARN	TLS certificate errors will be ignored for this session
1499151288966	addons.productaddons	WARN	Failed downloading XML, status: 0, reason: error
1499151288982	addons.productaddons	WARN	Failed downloading via XHR, status: 0, reason: error
1499151298866	Marionette	INFO	New connections will no longer be accepted
